[04-Oct-2018 12:23:43 UTC] PHP Parse error:  syntax error, unexpected '.', expecting '&' or variable (T_VARIABLE) in /home/ubuntu/workspace/vendor/laravel/framework/src/Illuminate/Foundation/helpers.php on line 478
[04-Oct-2018 12:23:43 UTC] PHP Stack trace:
[04-Oct-2018 12:23:43 UTC] PHP   1. {main}() /home/ubuntu/workspace/public/index.php:0
[04-Oct-2018 12:23:43 UTC] PHP   2. require() /home/ubuntu/workspace/public/index.php:22
[04-Oct-2018 12:23:43 UTC] PHP   3. require() /home/ubuntu/workspace/bootstrap/autoload.php:17
[04-Oct-2018 12:23:43 UTC] PHP   4. ComposerAutoloaderInita5dad432fae567549e4d5015b94b9abb::getLoader() /home/ubuntu/workspace/vendor/autoload.php:7
[04-Oct-2018 12:23:43 UTC] PHP   5. composerRequirea5dad432fae567549e4d5015b94b9abb() /home/ubuntu/workspace/vendor/composer/autoload_real.php:56
[04-Oct-2018 12:23:57 UTC] PHP Parse error:  syntax error, unexpected '.', expecting '&' or variable (T_VARIABLE) in /home/ubuntu/workspace/vendor/laravel/framework/src/Illuminate/Foundation/helpers.php on line 478
[04-Oct-2018 12:23:57 UTC] PHP Stack trace:
[04-Oct-2018 12:23:57 UTC] PHP   1. {main}() /home/ubuntu/workspace/public/index.php:0
[04-Oct-2018 12:23:57 UTC] PHP   2. require() /home/ubuntu/workspace/public/index.php:22
[04-Oct-2018 12:23:57 UTC] PHP   3. require() /home/ubuntu/workspace/bootstrap/autoload.php:17
[04-Oct-2018 12:23:57 UTC] PHP   4. ComposerAutoloaderInita5dad432fae567549e4d5015b94b9abb::getLoader() /home/ubuntu/workspace/vendor/autoload.php:7
[04-Oct-2018 12:23:57 UTC] PHP   5. composerRequirea5dad432fae567549e4d5015b94b9abb() /home/ubuntu/workspace/vendor/composer/autoload_real.php:56
[04-Oct-2018 20:19:36 Asia/Ho_Chi_Minh] PHP Parse error:  syntax error, unexpected 'Nam' (T_STRING) in /home/ubuntu/workspace/storage/framework/views/fab5c41347622a3dc0079a96010b78efa6269117.php on line 26
[04-Oct-2018 20:19:42 Asia/Ho_Chi_Minh] PHP Parse error:  syntax error, unexpected 'Nam' (T_STRING) in /home/ubuntu/workspace/storage/framework/views/fab5c41347622a3dc0079a96010b78efa6269117.php on line 26
[04-Oct-2018 20:56:20 Asia/Ho_Chi_Minh] PHP Parse error:  syntax error, unexpected '>' in /home/ubuntu/workspace/storage/framework/views/b7b39ae285acc4fa070c2251c952f40cf745e9ce.php on line 41
[04-Oct-2018 20:56:52 Asia/Ho_Chi_Minh] PHP Parse error:  syntax error, unexpected '>' in /home/ubuntu/workspace/storage/framework/views/b7b39ae285acc4fa070c2251c952f40cf745e9ce.php on line 41
[04-Oct-2018 20:57:11 Asia/Ho_Chi_Minh] PHP Parse error:  syntax error, unexpected '<' in /home/ubuntu/workspace/storage/framework/views/b7b39ae285acc4fa070c2251c952f40cf745e9ce.php on line 42
[04-Oct-2018 20:58:40 Asia/Ho_Chi_Minh] PHP Parse error:  syntax error, unexpected '>' in /home/ubuntu/workspace/storage/framework/views/b7b39ae285acc4fa070c2251c952f40cf745e9ce.php on line 85
[04-Oct-2018 20:59:20 Asia/Ho_Chi_Minh] PHP Parse error:  syntax error, unexpected '>' in /home/ubuntu/workspace/storage/framework/views/b7b39ae285acc4fa070c2251c952f40cf745e9ce.php on line 85
[04-Oct-2018 20:59:31 Asia/Ho_Chi_Minh] PHP Parse error:  syntax error, unexpected '>' in /home/ubuntu/workspace/storage/framework/views/b7b39ae285acc4fa070c2251c952f40cf745e9ce.php on line 85
[04-Oct-2018 21:02:19 Asia/Ho_Chi_Minh] PHP Fatal error:  Call to undefined function benhvien_nguoidung_chon() in /home/ubuntu/workspace/storage/framework/views/b7b39ae285acc4fa070c2251c952f40cf745e9ce.php on line 20
[04-Oct-2018 21:03:22 Asia/Ho_Chi_Minh] PHP Fatal error:  Call to undefined function benhvien_nguoidung_chon() in /home/ubuntu/workspace/storage/framework/views/b7b39ae285acc4fa070c2251c952f40cf745e9ce.php on line 30
[04-Oct-2018 21:03:22 Asia/Ho_Chi_Minh] PHP Fatal error:  Call to undefined function benhvien_nguoidung_chon() in /home/ubuntu/workspace/storage/framework/views/b7b39ae285acc4fa070c2251c952f40cf745e9ce.php on line 30
[04-Oct-2018 21:03:22 Asia/Ho_Chi_Minh] PHP Fatal error:  Call to undefined function benhvien_nguoidung_chon() in /home/ubuntu/workspace/storage/framework/views/b7b39ae285acc4fa070c2251c952f40cf745e9ce.php on line 30
[04-Oct-2018 21:03:23 Asia/Ho_Chi_Minh] PHP Fatal error:  Call to undefined function benhvien_nguoidung_chon() in /home/ubuntu/workspace/storage/framework/views/b7b39ae285acc4fa070c2251c952f40cf745e9ce.php on line 30
[04-Oct-2018 21:03:23 Asia/Ho_Chi_Minh] PHP Fatal error:  Call to undefined function benhvien_nguoidung_chon() in /home/ubuntu/workspace/storage/framework/views/b7b39ae285acc4fa070c2251c952f40cf745e9ce.php on line 30
[04-Oct-2018 21:03:29 Asia/Ho_Chi_Minh] PHP Fatal error:  Call to undefined function benhvien_nguoidung_chon() in /home/ubuntu/workspace/storage/framework/views/b7b39ae285acc4fa070c2251c952f40cf745e9ce.php on line 30
[04-Oct-2018 21:04:52 Asia/Ho_Chi_Minh] PHP Fatal error:  Call to undefined function benhvien_nguoidung_chon() in /home/ubuntu/workspace/storage/framework/views/b7b39ae285acc4fa070c2251c952f40cf745e9ce.php on line 29
[04-Oct-2018 21:05:06 Asia/Ho_Chi_Minh] PHP Fatal error:  Call to undefined function benhvien_nguoidung_chon() in /home/ubuntu/workspace/storage/framework/views/b7b39ae285acc4fa070c2251c952f40cf745e9ce.php on line 29
[06-Oct-2018 09:31:53 Asia/Ho_Chi_Minh] PHP Parse error:  syntax error, unexpected '}' in /home/ubuntu/workspace/storage/framework/views/fab5c41347622a3dc0079a96010b78efa6269117.php on line 48
[06-Oct-2018 14:23:00 Asia/Ho_Chi_Minh] PHP Parse error:  syntax error, unexpected '}' in /home/ubuntu/workspace/storage/framework/views/36ba4cfd663c93c16a0eb4fe30c309dc71495a2d.php on line 60
[06-Oct-2018 14:42:03 Asia/Ho_Chi_Minh] PHP Parse error:  syntax error, unexpected '')); ?>"><i class="icon-shoppi' (T_CONSTANT_ENCAPSED_STRING) in /home/ubuntu/workspace/storage/framework/views/36ba4cfd663c93c16a0eb4fe30c309dc71495a2d.php on line 101
[06-Oct-2018 14:42:23 Asia/Ho_Chi_Minh] PHP Parse error:  syntax error, unexpected '')); ?>"><i class="icon-shoppi' (T_CONSTANT_ENCAPSED_STRING) in /home/ubuntu/workspace/storage/framework/views/36ba4cfd663c93c16a0eb4fe30c309dc71495a2d.php on line 101
[06-Oct-2018 14:42:37 Asia/Ho_Chi_Minh] PHP Parse error:  syntax error, unexpected '')); ?>"><i class="icon-shoppi' (T_CONSTANT_ENCAPSED_STRING) in /home/ubuntu/workspace/storage/framework/views/36ba4cfd663c93c16a0eb4fe30c309dc71495a2d.php on line 101
